{
  "RSpec": {
    "coverage": {
      "/home/nvihervu/yliopisto/TKT21003/ratebeer/ratebeer/app/helpers/application_helper.rb": [
        null,
        null,
        1,
        null
      ],
      "/home/nvihervu/yliopisto/TKT21003/ratebeer/ratebeer/app/helpers/beers_helper.rb": [
        null,
        null,
        1,
        null
      ],
      "/home/nvihervu/yliopisto/TKT21003/ratebeer/ratebeer/app/helpers/breweries_helper.rb": [
        null,
        null,
        1,
        null
      ],
      "/home/nvihervu/yliopisto/TKT21003/ratebeer/ratebeer/app/helpers/users_helper.rb": [
        1,
        null
      ],
      "/home/nvihervu/yliopisto/TKT21003/ratebeer/ratebeer/app/models/beer.rb": [
        null,
        null,
        null,
        1,
        1,
        1,
        1,
        1,
        1,
        null,
        1,
        1,
        null,
        1,
        2,
        null,
        null,
        1,
        0,
        null,
        0,
        null,
        null,
        null,
        null,
        null,
        null,
        null
      ],
      "/home/nvihervu/yliopisto/TKT21003/ratebeer/ratebeer/app/models/application_record.rb": [
        null,
        null,
        null,
        1,
        1,
        null
      ],
      "/home/nvihervu/yliopisto/TKT21003/ratebeer/ratebeer/app/models/concerns/ratings_average.rb": [
        null,
        null,
        null,
        1,
        1,
        1,
        6,
        9,
        6,
        null,
        null,
        6,
        null,
        null
      ],
      "/home/nvihervu/yliopisto/TKT21003/ratebeer/ratebeer/app/models/user.rb": [
        null,
        null,
        null,
        1,
        1,
        null,
        1,
        1,
        1,
        1,
        null,
        1,
        null,
        1,
        null,
        1,
        null,
        1,
        null,
        null,
        null,
        null,
        null,
        1,
        0,
        null,
        null,
        1,
        6,
        4,
        null,
        null
      ],
      "/home/nvihervu/yliopisto/TKT21003/ratebeer/ratebeer/app/models/brewery.rb": [
        null,
        null,
        null,
        1,
        1,
        1,
        null,
        1,
        1,
        null,
        null,
        null,
        1,
        3,
        null,
        null,
        1,
        0,
        0,
        0,
        null,
        null,
        1,
        0,
        0,
        null,
        null,
        1,
        0,
        null,
        0,
        0,
        null,
        null,
        0,
        null,
        null
      ],
      "/home/nvihervu/yliopisto/TKT21003/ratebeer/ratebeer/app/controllers/sessions_controller.rb": [
        null,
        null,
        null,
        1,
        1,
        null,
        null,
        null,
        1,
        8,
        null,
        8,
        7,
        7,
        null,
        1,
        null,
        null,
        null,
        1,
        null,
        0,
        null,
        0,
        null,
        null,
        1,
        0,
        0,
        0,
        0,
        0,
        null,
        0,
        null,
        null
      ],
      "/home/nvihervu/yliopisto/TKT21003/ratebeer/ratebeer/app/controllers/application_controller.rb": [
        null,
        null,
        null,
        1,
        null,
        1,
        null,
        1,
        116,
        null,
        85,
        null,
        null,
        1,
        4,
        null,
        null
      ],
      "/home/nvihervu/yliopisto/TKT21003/ratebeer/ratebeer/app/controllers/users_controller.rb": [
        null,
        null,
        null,
        1,
        1,
        null,
        null,
        null,
        1,
        0,
        null,
        null,
        null,
        null,
        1,
        null,
        null,
        1,
        1,
        null,
        null,
        null,
        1,
        null,
        null,
        null,
        1,
        1,
        null,
        1,
        1,
        2,
        1,
        null,
        0,
        0,
        null,
        null,
        null,
        null,
        null,
        null,
        1,
        0,
        0,
        0,
        0,
        null,
        0,
        0,
        null,
        null,
        null,
        null,
        null,
        null,
        1,
        0,
        0,
        0,
        0,
        null,
        null,
        null,
        1,
        null,
        null,
        1,
        12,
        null,
        null,
        null,
        1,
        1,
        null,
        null
      ],
      "/home/nvihervu/yliopisto/TKT21003/ratebeer/ratebeer/app/models/rating.rb": [
        null,
        null,
        null,
        1,
        1,
        1,
        null,
        1,
        null,
        null,
        null,
        null,
        1,
        22,
        null,
        null,
        1,
        8,
        null,
        null,
        1,
        null
      ],
      "/home/nvihervu/yliopisto/TKT21003/ratebeer/ratebeer/app/controllers/beers_controller.rb": [
        null,
        null,
        null,
        1,
        1,
        1,
        null,
        null,
        null,
        1,
        1,
        null,
        null,
        null,
        null,
        1,
        null,
        null,
        1,
        2,
        2,
        2,
        null,
        null,
        null,
        1,
        0,
        0,
        null,
        null,
        null,
        null,
        1,
        2,
        null,
        2,
        2,
        1,
        1,
        null,
        null,
        1,
        null,
        1,
        1,
        null,
        null,
        2,
        1,
        null,
        null,
        null,
        null,
        null,
        null,
        1,
        0,
        0,
        0,
        0,
        null,
        null,
        0,
        null,
        0,
        0,
        null,
        null,
        null,
        null,
        null,
        null,
        1,
        0,
        0,
        0,
        0,
        null,
        null,
        0,
        null,
        null,
        null,
        1,
        null,
        null,
        1,
        0,
        null,
        null,
        null,
        null,
        1,
        2,
        null,
        null
      ],
      "/home/nvihervu/yliopisto/TKT21003/ratebeer/ratebeer/app/controllers/breweries_controller.rb": [
        null,
        null,
        null,
        1,
        1,
        1,
        null,
        null,
        null,
        1,
        3,
        null,
        null,
        null,
        null,
        1,
        null,
        null,
        1,
        0,
        null,
        null,
        null,
        1,
        null,
        null,
        null,
        1,
        0,
        null,
        0,
        0,
        0,
        0,
        null,
        null,
        0,
        null,
        0,
        0,
        0,
        null,
        null,
        null,
        null,
        null,
        null,
        null,
        null,
        1,
        0,
        0,
        0,
        0,
        null,
        null,
        0,
        null,
        0,
        0,
        0,
        null,
        null,
        null,
        null,
        null,
        null,
        null,
        null,
        1,
        0,
        0,
        0,
        0,
        null,
        null,
        0,
        null,
        null,
        null,
        1,
        null,
        null,
        1,
        1,
        null,
        null,
        null,
        null,
        1,
        0,
        null,
        null,
        1,
        0,
        null,
        0,
        0,
        0,
        0,
        null,
        null,
        null,
        null,
        0,
        null,
        null,
        null
      ],
      "/home/nvihervu/yliopisto/TKT21003/ratebeer/ratebeer/app/controllers/ratings_controller.rb": [
        null,
        null,
        null,
        1,
        1,
        null,
        null,
        1,
        3,
        null,
        null,
        null,
        1,
        1,
        1,
        null,
        null,
        1,
        1,
        1,
        null,
        1,
        1,
        null,
        0,
        0,
        null,
        null,
        null,
        1,
        1,
        1,
        1,
        null,
        null,
        1,
        null,
        null,
        1,
        1,
        null,
        null,
        null,
        null,
        1,
        0,
        null,
        null
      ],
      "/home/nvihervu/yliopisto/TKT21003/ratebeer/ratebeer/app/models/membership.rb": [
        0,
        0,
        0,
        null,
        0,
        0,
        0,
        0,
        0
      ],
      "/home/nvihervu/yliopisto/TKT21003/ratebeer/ratebeer/app/models/session.rb": [
        null,
        null,
        null,
        0,
        0
      ],
      "/home/nvihervu/yliopisto/TKT21003/ratebeer/ratebeer/app/models/beer_club.rb": [
        0,
        0,
        0,
        0
      ],
      "/home/nvihervu/yliopisto/TKT21003/ratebeer/ratebeer/app/mailers/application_mailer.rb": [
        null,
        null,
        null,
        0,
        0,
        0,
        0
      ],
      "/home/nvihervu/yliopisto/TKT21003/ratebeer/ratebeer/app/channels/application_cable/channel.rb": [
        null,
        null,
        0,
        0,
        0,
        0
      ],
      "/home/nvihervu/yliopisto/TKT21003/ratebeer/ratebeer/app/channels/application_cable/connection.rb": [
        null,
        null,
        0,
        0,
        0,
        0
      ],
      "/home/nvihervu/yliopisto/TKT21003/ratebeer/ratebeer/app/jobs/application_job.rb": [
        null,
        null,
        0,
        0
      ],
      "/home/nvihervu/yliopisto/TKT21003/ratebeer/ratebeer/app/controllers/memberships_controller.rb": [
        0,
        0,
        null,
        null,
        null,
        0,
        0,
        0,
        null,
        null,
        null,
        0,
        0,
        null,
        null,
        0,
        0,
        0,
        0,
        null,
        null,
        0,
        0,
        null,
        null,
        null,
        0,
        0,
        0,
        null,
        0,
        0,
        0,
        0,
        0,
        0,
        0,
        0,
        0,
        0,
        0,
        null,
        null,
        null,
        0,
        0,
        0,
        0,
        0,
        0,
        0,
        0,
        0,
        0,
        0,
        null,
        null,
        null,
        0,
        0,
        0,
        0,
        0,
        0,
        0,
        null,
        0,
        null,
        null,
        0,
        0,
        0,
        null,
        null,
        0,
        0,
        0,
        0
      ],
      "/home/nvihervu/yliopisto/TKT21003/ratebeer/ratebeer/app/controllers/beer_clubs_controller.rb": [
        0,
        0,
        0,
        null,
        null,
        0,
        0,
        0,
        null,
        null,
        null,
        0,
        0,
        null,
        null,
        0,
        0,
        0,
        null,
        null,
        0,
        0,
        null,
        null,
        null,
        0,
        0,
        null,
        0,
        0,
        0,
        0,
        0,
        0,
        0,
        0,
        0,
        0,
        null,
        null,
        null,
        0,
        0,
        0,
        0,
        0,
        0,
        0,
        0,
        0,
        0,
        0,
        null,
        null,
        null,
        0,
        0,
        0,
        0,
        0,
        0,
        0,
        null,
        0,
        null,
        null,
        0,
        0,
        0,
        null,
        null,
        0,
        0,
        0,
        0
      ]
    },
    "timestamp": 1538254500
  }
}
